#
# A fatal error has been detected by the Java Runtime Environment:
#
#  EXCEPTION_ACCESS_VIOLATION (0xc0000005) at pc=0x00007ffe19a761ee, pid=58796, tid=33136
#
# JRE version: OpenJDK Runtime Environment (17.0.2+8) (build 17.0.2+8-86)
# Java VM: OpenJDK 64-Bit Server VM (17.0.2+8-86, mixed mode, sharing, tiered, compressed oops, compressed class ptrs, g1 gc, windows-amd64)
# Problematic frame:
# C  [awt.dll+0xd61ee]
#
# No core dump will be written. Minidumps are not enabled by default on client versions of Windows
#
# If you would like to submit a bug report, please visit:
#   https://bugreport.java.com/bugreport/crash.jsp
# The crash happened outside the Java Virtual Machine in native code.
# See problematic frame for where to report the bug.
#

---------------  S U M M A R Y ------------

Command Line: -agentlib:jdwp=transport=dt_socket,address=127.0.0.1:50618,suspend=y,server=n -javaagent:C:\Users\Utilizador\AppData\Local\JetBrains\IdeaIC2022.3\captureAgent\debugger-agent.jar -Dfile.encoding=UTF-8 pt.ulusofona.lp2.deisiJungle.guiSimulator.AppLauncherKt

Host: Intel(R) Core(TM) i5-8600K CPU @ 3.60GHz, 6 cores, 15G,  Windows 10 , 64 bit Build 19041 (10.0.19041.2364)
Time: Thu Jan  5 14:40:28 2023 Hora padrão de GMT elapsed time: 248.224882 seconds (0d 0h 4m 8s)

---------------  T H R E A D  ---------------

Current thread (0x0000017a061d6480):  JavaThread "AWT-Windows" daemon [_thread_in_native, id=33136, stack(0x0000001f86f00000,0x0000001f87000000)]

Stack: [0x0000001f86f00000,0x0000001f87000000],  sp=0x0000001f86fff240,  free space=1020k
Native frames: (J=compiled Java code, j=interpreted, Vv=VM code, C=native code)
C  [awt.dll+0xd61ee]

Java frames: (J=compiled Java code, j=interpreted, Vv=VM code)
j  sun.awt.windows.WToolkit.eventLoop()V+0 java.desktop@17.0.2
j  sun.awt.windows.WToolkit.run()V+50 java.desktop@17.0.2
j  java.lang.Thread.run()V+11 java.base@17.0.2
v  ~StubRoutines::call_stub

siginfo: EXCEPTION_ACCESS_VIOLATION (0xc0000005), reading address 0x0000000000000000


Register to memory mapping:

RIP=0x00007ffe19a761ee awt.dll
RAX=0x0 is NULL
RBX=0x0000017a0debee98 is a global jni handle
RCX=0x0 is NULL
RDX=0x0000017a0debee98 is a global jni handle
RSP=0x0000001f86fff240 is pointing into the stack for thread: 0x0000017a061d6480
RBP=0x00007ffe19ada7e0 awt.dll
RSI=0x0 is NULL
RDI=0x0000017a061d6728 points into unknown readable memory: 0x00007ffd85155640 | 40 56 15 85 fd 7f 00 00
R8 =0x0000000000000042 is an unknown value
R9 =0x000000070d0de3a8 is an oop: sun.awt.windows.WDialogPeer 
{0x000000070d0de3a8} - klass: 'sun/awt/windows/WDialogPeer'
 - ---- fields (total size 19 words):
 - private volatile 'destroyed' 'Z' @12  true
 - private volatile 'disposed' 'Z' @13  false
 - volatile 'pData' 'J' @16  0 (0 0)
 - volatile 'target' 'Ljava/lang/Object;' @24  a 'javax/swing/JDialog'{0x000000070d0c8b68} (e1a1916d)
 - volatile 'createError' 'Ljava/lang/Error;' @28  NULL (0)
 - private final 'stateLock' 'Ljava/lang/Object;' @32  a 'java/lang/Object'{0x000000070d0de440} (e1a1bc88)
 - private volatile 'childPeers' 'Ljava/util/Map;' @36  NULL (0)
 - 'isLayouting' 'Z' @14  false
 - 'paintPending' 'Z' @15  false
 - protected volatile 'hwnd' 'J' @40  0 (0 0)
 - 'nativeDropTargetContext' 'J' @48  1623730768224 (de54960 17a)
 - 'oldWidth' 'I' @56  600 (258)
 - 'oldHeight' 'I' @60  300 (12c)
 - private 'numBackBuffers' 'I' @64  0
 - 'nDropTargets' 'I' @68  2
 - public 'serialNum' 'I' @72  3
 - private 'updateX1' 'I' @76  0
 - private 'updateY1' 'I' @80  0
 - private 'updateX2' 'I' @84  0
 - private 'updateY2' 'I' @88  0
 - private volatile 'isAccelCapable' 'Z' @92  true
 - 'surfaceData' 'Lsun/java2d/SurfaceData;' @96  a 'sun/java2d/d3d/D3DSurfaceData$D3DWindowSurfaceData'{0x000000070bd162e0} (e17a2c5c)
 - private 'paintArea' 'Lsun/awt/RepaintArea;' @100  a 'sun/awt/RepaintArea'{0x000000070d0de450} (e1a1bc8a)
 - protected 'winGraphicsConfig' 'Lsun/awt/Win32GraphicsConfig;' @104  a 'sun/java2d/d3d/D3DGraphicsConfig'{0x0000000701002178} (e020042f)
 - private 'backBuffer' 'Ljava/awt/image/VolatileImage;' @108  NULL (0)
 - private 'backBufferCaps' 'Ljava/awt/BufferCapabilities;' @112  NULL (0)
 - private 'foreground' 'Ljava/awt/Color;' @116  a 'java/awt/SystemColor'{0x00000007010637a8} (e020c6f5)
 - private 'background' 'Ljava/awt/Color;' @120  a 'javax/swing/plaf/ColorUIResource'{0x000000070102c0e0} (e020581c)
 - private 'font' 'Ljava/awt/Font;' @124  a 'java/awt/Font'{0x00000007010637d0} (e020c6fa)
 - private 'eraseBackground' 'Z' @93  false
 - 'insets_' 'Ljava/awt/Insets;' @128  a 'java/awt/Insets'{0x000000070d0de7a0} (e1a1bcf4)
 - private 'isOpaque' 'Z' @94  true
 - private 'opacity' 'F' @132  1.000000 (3f800000)
 - private 'modalBlocker' 'Lsun/awt/windows/WWindowPeer;' @136  a 'sun/awt/windows/WDialogPeer'{0x000000070bd08248} (e17a1049)
 - private 'painter' 'Lsun/awt/windows/TranslucentWindowPainter;' @140  NULL (0)
 - private 'windowListener' 'Ljava/awt/event/WindowListener;' @144  NULL (0)
 - private volatile 'windowType' 'Ljava/awt/Window$Type;' @148  a 'java/awt/Window$Type'{0x00000007010d1bd0} (e021a37a)
R10=0x00007ffd851d4a00 jvm.dll
R11=0x0000000000000c9c is an unknown value
R12=0x00000000008608a2 is an unknown value
R13=0x0000000000009824 is an unknown value
R14=0x0000000003030359 is an unknown value
R15=0x0000000000009824 is an unknown value


Registers:
RAX=0x0000000000000000, RBX=0x0000017a0debee98, RCX=0x0000000000000000, RDX=0x0000017a0debee98
RSP=0x0000001f86fff240, RBP=0x00007ffe19ada7e0, RSI=0x0000000000000000, RDI=0x0000017a061d6728
R8 =0x0000000000000042, R9 =0x000000070d0de3a8, R10=0x00007ffd851d4a00, R11=0x0000000000000c9c
R12=0x00000000008608a2, R13=0x0000000000009824, R14=0x0000000003030359, R15=0x0000000000009824
RIP=0x00007ffe19a761ee, EFLAGS=0x0000000000010246

Top of Stack: (sp=0x0000001f86fff240)
0x0000001f86fff240:   0000017a0debee98 0000000000000000
0x0000001f86fff250:   00007ffe19a73a40 00007ffe55d3c06e
0x0000001f86fff260:   000035c6e91583b5 0000001f86fff478
0x0000001f86fff270:   0000001f86fff498 00007ffe19a765b3
0x0000001f86fff280:   0000017a061d6480 00007ffd84aa317f
0x0000001f86fff290:   0000017a061d6728 0000000000000000
0x0000001f86fff2a0:   0000000000000001 0000017a061d6728
0x0000001f86fff2b0:   0000000000000000 00007ffe19a73b31
0x0000001f86fff2c0:   0000001f86fff498 00007ffe19a73a40
0x0000001f86fff2d0:   0000000000000001 0000000000000000
0x0000001f86fff2e0:   0000a6771405d233 00007ffe61980e96
0x0000001f86fff2f0:   0000000000000000 0000000000000000
0x0000001f86fff300:   0000000000009824 0000000000000000
0x0000001f86fff310:   0000000080000022 0000000000000000
0x0000001f86fff320:   0000000000000001 00007ffe6196e7e8
0x0000001f86fff330:   0000017a0d7228a0 00004a3bbf9e5afe 

Instructions: (pc=0x00007ffe19a761ee)
0x00007ffe19a760ee:   e8 ad d8 ff ff 33 d2 8d 4a 20 ff 15 12 da 06 00
0x00007ffe19a760fe:   8b d0 33 f6 89 74 24 20 4c 8d 4c 24 50 4c 8d 05
0x00007ffe19a7610e:   2e 10 07 00 8d 4e 20 ff 15 95 dc 06 00 33 d2 49
0x00007ffe19a7611e:   8b ce ff 15 02 d7 06 00 48 8b d8 48 85 c0 0f 85
0x00007ffe19a7612e:   84 00 00 00 4c 8d 05 f7 8d 03 00 8d 56 09 48 8d
0x00007ffe19a7613e:   8c 24 88 00 00 00 ff 15 d6 93 01 00 44 8d 46 10
0x00007ffe19a7614e:   48 8d 54 24 70 49 8b ce ff 15 04 92 01 00 48 8d
0x00007ffe19a7615e:   44 24 70 49 c7 c0 ff ff ff ff 0f 1f 84 00 00 00
0x00007ffe19a7616e:   00 00 49 ff c0 66 42 39 34 40 75 f6 4b 8d 04 00
0x00007ffe19a7617e:   48 8d 8c 24 98 00 00 00 48 2b c8 48 8d 54 24 70
0x00007ffe19a7618e:   e8 11 61 01 00 33 d2 48 8d 8c 24 88 00 00 00 ff
0x00007ffe19a7619e:   15 7d d6 06 00 48 85 c0 74 0e 33 d2 48 8b c8 ff
0x00007ffe19a761ae:   15 75 d6 06 00 48 8b d8 48 85 db 40 0f 95 c6 4c
0x00007ffe19a761be:   8b 07 33 d2 48 8b cf 41 ff 90 a0 00 00 00 90 48
0x00007ffe19a761ce:   8b c6 e9 9d 01 00 00 48 8b 07 4c 8b 05 61 09 07
0x00007ffe19a761de:   00 48 8b d3 48 8b cf ff 90 28 03 00 00 48 8b c8
0x00007ffe19a761ee:   4c 8b 08 49 8b c6 48 c1 e8 10 44 0f bf c0 41 0f
0x00007ffe19a761fe:   bf d6 41 ff 91 60 02 00 00 48 8b 07 48 8b d3 48
0x00007ffe19a7620e:   8b cf ff 90 b0 00 00 00 33 f6 48 89 35 61 0e 07
0x00007ffe19a7621e:   00 48 8b 0d 52 0e 07 00 ff 15 54 8f 01 00 90 48
0x00007ffe19a7622e:   8b 07 33 d2 48 8b cf ff 90 a0 00 00 00 90 33 c0
0x00007ffe19a7623e:   e9 2f 01 00 00 ba ff ff ff ff 49 8b ce ff 15 3f
0x00007ffe19a7624e:   8e 01 00 8b d8 4c 8b 07 33 d2 48 8b cf 41 ff 90
0x00007ffe19a7625e:   a0 00 00 00 90 8b c3 e9 08 01 00 00 49 8b ce ff
0x00007ffe19a7626e:   d3 48 8b d8 4c 8b 07 33 d2 48 8b cf 41 ff 90 a0
0x00007ffe19a7627e:   00 00 00 90 48 8b c3 e9 e8 00 00 00 ff d3 48 8b
0x00007ffe19a7628e:   d8 4c 8b 07 33 d2 48 8b cf 41 ff 90 a0 00 00 00
0x00007ffe19a7629e:   90 48 8b c3 e9 cb 00 00 00 41 8b d6 48 8b cb e8
0x00007ffe19a762ae:   61 3d 01 00 33 f6 48 89 35 c5 0d 07 00 48 8b 0d
0x00007ffe19a762be:   b6 0d 07 00 ff 15 b8 8e 01 00 90 48 8b 07 33 d2
0x00007ffe19a762ce:   48 8b cf ff 90 a0 00 00 00 90 33 c0 e9 93 00 00
0x00007ffe19a762de:   00 48 8b cb e8 1a 3d 01 00 8b c0 48 89 05 90 0d 


Stack slot to memory mapping:
stack at sp + 0 slots: 0x0000017a0debee98 is a global jni handle
stack at sp + 1 slots: 0x0 is NULL
stack at sp + 2 slots: 0x00007ffe19a73a40 awt.dll
stack at sp + 3 slots: 0x00007ffe55d3c06e java.dll
stack at sp + 4 slots: 0x000035c6e91583b5 is an unknown value
stack at sp + 5 slots: 0x0000001f86fff478 is pointing into the stack for thread: 0x0000017a061d6480
stack at sp + 6 slots: 0x0000001f86fff498 is pointing into the stack for thread: 0x0000017a061d6480
stack at sp + 7 slots: 0x00007ffe19a765b3 awt.dll


---------------  P R O C E S S  ---------------

Threads class SMR info:
_java_thread_list=0x0000017a0d4d1950, length=20, elements={
0x0000017a7f1d28e0, 0x0000017a7f1d3750, 0x0000017a7f1e4540, 0x0000017a7f1e5e10,
0x0000017a7f1e67c0, 0x0000017a7f1e7910, 0x0000017a7f1ebba0, 0x0000017a7f1ed580,
0x0000017a7f1f0b10, 0x0000017a7fcc5510, 0x0000017a7fd64d70, 0x0000017a7fd83120,
0x0000017a061f4f00, 0x0000017a061cff60, 0x0000017a061d6480, 0x0000017a0620bd50,
0x0000017a628724d0, 0x0000017a0d6c1d20, 0x0000017a7feeecd0, 0x0000017a7feecb20
}

Java Threads: ( => current thread )
  0x0000017a7f1d28e0 JavaThread "Reference Handler" daemon [_thread_blocked, id=36032, stack(0x0000001f85e00000,0x0000001f85f00000)]
  0x0000017a7f1d3750 JavaThread "Finalizer" daemon [_thread_blocked, id=49452, stack(0x0000001f85f00000,0x0000001f86000000)]
  0x0000017a7f1e4540 JavaThread "Signal Dispatcher" daemon [_thread_blocked, id=36560, stack(0x0000001f86000000,0x0000001f86100000)]
  0x0000017a7f1e5e10 JavaThread "Attach Listener" daemon [_thread_blocked, id=42196, stack(0x0000001f86100000,0x0000001f86200000)]
  0x0000017a7f1e67c0 JavaThread "Service Thread" daemon [_thread_blocked, id=40188, stack(0x0000001f86200000,0x0000001f86300000)]
  0x0000017a7f1e7910 JavaThread "Monitor Deflation Thread" daemon [_thread_blocked, id=52712, stack(0x0000001f86300000,0x0000001f86400000)]
  0x0000017a7f1ebba0 JavaThread "C2 CompilerThread0" daemon [_thread_blocked, id=36568, stack(0x0000001f86400000,0x0000001f86500000)]
  0x0000017a7f1ed580 JavaThread "C1 CompilerThread0" daemon [_thread_blocked, id=35548, stack(0x0000001f86500000,0x0000001f86600000)]
  0x0000017a7f1f0b10 JavaThread "Sweeper thread" daemon [_thread_blocked, id=41360, stack(0x0000001f86600000,0x0000001f86700000)]
  0x0000017a7fcc5510 JavaThread "Common-Cleaner" daemon [_thread_blocked, id=13424, stack(0x0000001f86700000,0x0000001f86800000)]
  0x0000017a7fd64d70 JavaThread "JDWP Event Helper Thread" daemon [_thread_blocked, id=27244, stack(0x0000001f86900000,0x0000001f86a00000)]
  0x0000017a7fd83120 JavaThread "Notification Thread" daemon [_thread_blocked, id=53420, stack(0x0000001f86b00000,0x0000001f86c00000)]
  0x0000017a061f4f00 JavaThread "Java2D Disposer" daemon [_thread_blocked, id=35532, stack(0x0000001f86d00000,0x0000001f86e00000)]
  0x0000017a061cff60 JavaThread "AWT-Shutdown" [_thread_blocked, id=58632, stack(0x0000001f86e00000,0x0000001f86f00000)]
=>0x0000017a061d6480 JavaThread "AWT-Windows" daemon [_thread_in_native, id=33136, stack(0x0000001f86f00000,0x0000001f87000000)]
  0x0000017a0620bd50 JavaThread "AWT-EventQueue-0" [_thread_in_native, id=26508, stack(0x0000001f87000000,0x0000001f87100000)]
  0x0000017a628724d0 JavaThread "DestroyJavaVM" [_thread_blocked, id=60452, stack(0x0000001f85700000,0x0000001f85800000)]
  0x0000017a0d6c1d20 JavaThread "TimerQueue" daemon [_thread_blocked, id=13344, stack(0x0000001f87820000,0x0000001f87920000)]
  0x0000017a7feeecd0 JavaThread "SIGINT handler" daemon [_thread_blocked, id=53888, stack(0x0000001f85400000,0x0000001f85500000)]
  0x0000017a7feecb20 JavaThread "ToolkitShutdown" daemon [_thread_in_native, id=53252, stack(0x0000001f85600000,0x0000001f85700000)]

Other Threads:
  0x0000017a7f1cdc90 VMThread "VM Thread" [stack: 0x0000001f85d00000,0x0000001f85e00000] [id=25472]
  0x0000017a7fde8780 WatcherThread [stack: 0x0000001f86c00000,0x0000001f86d00000] [id=52736]
  0x0000017a628874d0 GCTaskThread "GC Thread#0" [stack: 0x0000001f85800000,0x0000001f85900000] [id=42248]
  0x0000017a0d174b30 GCTaskThread "GC Thread#1" [stack: 0x0000001f87980000,0x0000001f87a80000] [id=52972]
  0x0000017a7fcb2fa0 GCTaskThread "GC Thread#2" [stack: 0x0000001f87a80000,0x0000001f87b80000] [id=50204]
  0x0000017a7fcb1210 GCTaskThread "GC Thread#3" [stack: 0x0000001f87b80000,0x0000001f87c80000] [id=51920]
  0x0000017a7fcb1a20 GCTaskThread "GC Thread#4" [stack: 0x0000001f87c80000,0x0000001f87d80000] [id=46636]
  0x0000017a7fcb0cb0 GCTaskThread "GC Thread#5" [stack: 0x0000001f87d80000,0x0000001f87e80000] [id=60236]
  0x0000017a628d2f70 ConcurrentGCThread "G1 Main Marker" [stack: 0x0000001f85900000,0x0000001f85a00000] [id=41212]
  0x0000017a628d3980 ConcurrentGCThread "G1 Conc#0" [stack: 0x0000001f85a00000,0x0000001f85b00000] [id=54788]
  0x0000017a7f0830e0 ConcurrentGCThread "G1 Refine#0" [stack: 0x0000001f85b00000,0x0000001f85c00000] [id=24932]
  0x0000017a7f083b00 ConcurrentGCThread "G1 Service" [stack: 0x0000001f85c00000,0x0000001f85d00000] [id=54908]

Threads with active compile tasks:

VM state: not at safepoint (normal execution)

VM Mutex/Monitor currently owned by a thread: None

Heap address: 0x0000000701000000, size: 4080 MB, Compressed Oops mode: Zero based, Oop shift amount: 3

CDS archive(s) mapped at: [0x0000000800000000-0x0000000800bc0000-0x0000000800bc0000), size 12320768, SharedBaseAddress: 0x0000000800000000, ArchiveRelocationMode: 0.
Compressed class space mapped at: 0x0000000800c00000-0x0000000840c00000, reserved size: 1073741824
Narrow klass base: 0x0000000800000000, Narrow klass shift: 0, Narrow klass range: 0x100000000

GC Precious Log:
 CPUs: 6 total, 6 available
 Memory: 16319M
 Large Page Support: Disabled
 NUMA Support: Disabled
 Compressed Oops: Enabled (Zero based)
 Heap Region Size: 2M
 Heap Min Capacity: 8M
 Heap Initial Capacity: 256M
 Heap Max Capacity: 4080M
 Pre-touch: Disabled
 Parallel Workers: 6
 Concurrent Workers: 2
 Concurrent Refinement Workers: 6
 Periodic GC: Disabled

Heap:
 garbage-first heap   total 262144K, used 88208K [0x0000000701000000, 0x0000000800000000)
  region size 2048K, 43 young (88064K), 2 survivors (4096K)
 Metaspace       used 15984K, committed 16256K, reserved 1064960K
  class space    used 1610K, committed 1728K, reserved 1048576K

Heap Regions: E=young(eden), S=young(survivor), O=old, HS=humongous(starts), HC=humongous(continues), CS=collection set, F=free, OA=open archive, CA=closed archive, TAMS=top-at-mark-start (previous, next)
|   0|0x0000000701000000, 0x0000000701200000, 0x0000000701200000|100%| O|  |TAMS 0x0000000701000000, 0x0000000701000000| Untracked 
|   1|0x0000000701200000, 0x00000007012f6e00, 0x0000000701400000| 48%| O|  |TAMS 0x0000000701200000, 0x0000000701200000| Untracked 
|   2|0x0000000701400000, 0x0000000701400000, 0x0000000701600000|  0%| F|  |TAMS 0x0000000701400000, 0x0000000701400000| Untracked 
|   3|0x0000000701600000, 0x0000000701600000, 0x0000000701800000|  0%| F|  |TAMS 0x0000000701600000, 0x0000000701600000| Untracked 
|   4|0x0000000701800000, 0x0000000701800000, 0x0000000701a00000|  0%| F|  |TAMS 0x0000000701800000, 0x0000000701800000| Untracked 
|   5|0x0000000701a00000, 0x0000000701a00000, 0x0000000701c00000|  0%| F|  |TAMS 0x0000000701a00000, 0x0000000701a00000| Untracked 
|   6|0x0000000701c00000, 0x0000000701c00000, 0x0000000701e00000|  0%| F|  |TAMS 0x0000000701c00000, 0x0000000701c00000| Untracked 
|   7|0x0000000701e00000, 0x0000000701e00000, 0x0000000702000000|  0%| F|  |TAMS 0x0000000701e00000, 0x0000000701e00000| Untracked 
|   8|0x0000000702000000, 0x0000000702000000, 0x0000000702200000|  0%| F|  |TAMS 0x0000000702000000, 0x0000000702000000| Untracked 
|   9|0x0000000702200000, 0x0000000702200000, 0x0000000702400000|  0%| F|  |TAMS 0x0000000702200000, 0x0000000702200000| Untracked 
|  10|0x0000000702400000, 0x0000000702400000, 0x0000000702600000|  0%| F|  |TAMS 0x0000000702400000, 0x0000000702400000| Untracked 
|  11|0x0000000702600000, 0x0000000702600000, 0x0000000702800000|  0%| F|  |TAMS 0x0000000702600000, 0x0000000702600000| Untracked 
|  12|0x0000000702800000, 0x0000000702800000, 0x0000000702a00000|  0%| F|  |TAMS 0x0000000702800000, 0x0000000702800000| Untracked 
|  13|0x0000000702a00000, 0x0000000702a00000, 0x0000000702c00000|  0%| F|  |TAMS 0x0000000702a00000, 0x0000000702a00000| Untracked 
|  14|0x0000000702c00000, 0x0000000702c00000, 0x0000000702e00000|  0%| F|  |TAMS 0x0000000702c00000, 0x0000000702c00000| Untracked 
|  15|0x0000000702e00000, 0x0000000702e00000, 0x0000000703000000|  0%| F|  |TAMS 0x0000000702e00000, 0x0000000702e00000| Untracked 
|  16|0x0000000703000000, 0x0000000703000000, 0x0000000703200000|  0%| F|  |TAMS 0x0000000703000000, 0x0000000703000000| Untracked 
|  17|0x0000000703200000, 0x0000000703200000, 0x0000000703400000|  0%| F|  |TAMS 0x0000000703200000, 0x0000000703200000| Untracked 
|  18|0x0000000703400000, 0x0000000703400000, 0x0000000703600000|  0%| F|  |TAMS 0x0000000703400000, 0x0000000703400000| Untracked 
|  19|0x0000000703600000, 0x0000000703600000, 0x0000000703800000|  0%| F|  |TAMS 0x0000000703600000, 0x0000000703600000| Untracked 
|  20|0x0000000703800000, 0x0000000703800000, 0x0000000703a00000|  0%| F|  |TAMS 0x0000000703800000, 0x0000000703800000| Untracked 
|  21|0x0000000703a00000, 0x0000000703a00000, 0x0000000703c00000|  0%| F|  |TAMS 0x0000000703a00000, 0x0000000703a00000| Untracked 
|  22|0x0000000703c00000, 0x0000000703c00000, 0x0000000703e00000|  0%| F|  |TAMS 0x0000000703c00000, 0x0000000703c00000| Untracked 
|  23|0x0000000703e00000, 0x0000000703e00000, 0x0000000704000000|  0%| F|  |TAMS 0x0000000703e00000, 0x0000000703e00000| Untracked 
|  24|0x0000000704000000, 0x0000000704000000, 0x0000000704200000|  0%| F|  |TAMS 0x0000000704000000, 0x0000000704000000| Untracked 
|  25|0x0000000704200000, 0x0000000704200000, 0x0000000704400000|  0%| F|  |TAMS 0x0000000704200000, 0x0000000704200000| Untracked 
|  26|0x0000000704400000, 0x0000000704400000, 0x0000000704600000|  0%| F|  |TAMS 0x0000000704400000, 0x0000000704400000| Untracked 
|  27|0x0000000704600000, 0x0000000704600000, 0x0000000704800000|  0%| F|  |TAMS 0x0000000704600000, 0x0000000704600000| Untracked 
|  28|0x0000000704800000, 0x0000000704800000, 0x0000000704a00000|  0%| F|  |TAMS 0x0000000704800000, 0x0000000704800000| Untracked 
|  29|0x0000000704a00000, 0x0000000704a00000, 0x0000000704c00000|  0%| F|  |TAMS 0x0000000704a00000, 0x0000000704a00000| Untracked 
|  30|0x0000000704c00000, 0x0000000704c00000, 0x0000000704e00000|  0%| F|  |TAMS 0x0000000704c00000, 0x0000000704c00000| Untracked 
|  31|0x0000000704e00000, 0x0000000704e00000, 0x0000000705000000|  0%| F|  |TAMS 0x0000000704e00000, 0x0000000704e00000| Untracked 
|  32|0x0000000705000000, 0x0000000705000000, 0x0000000705200000|  0%| F|  |TAMS 0x0000000705000000, 0x0000000705000000| Untracked 
|  33|0x0000000705200000, 0x0000000705200000, 0x0000000705400000|  0%| F|  |TAMS 0x0000000705200000, 0x0000000705200000| Untracked 
|  34|0x0000000705400000, 0x0000000705400000, 0x0000000705600000|  0%| F|  |TAMS 0x0000000705400000, 0x0000000705400000| Untracked 
|  35|0x0000000705600000, 0x0000000705600000, 0x0000000705800000|  0%| F|  |TAMS 0x0000000705600000, 0x0000000705600000| Untracked 
|  36|0x0000000705800000, 0x0000000705800000, 0x0000000705a00000|  0%| F|  |TAMS 0x0000000705800000, 0x0000000705800000| Untracked 
|  37|0x0000000705a00000, 0x0000000705a00000, 0x0000000705c00000|  0%| F|  |TAMS 0x0000000705a00000, 0x0000000705a00000| Untracked 
|  38|0x0000000705c00000, 0x0000000705c00000, 0x0000000705e00000|  0%| F|  |TAMS 0x0000000705c00000, 0x0000000705c00000| Untracked 
|  39|0x0000000705e00000, 0x0000000705e00000, 0x0000000706000000|  0%| F|  |TAMS 0x0000000705e00000, 0x0000000705e00000| Untracked 
|  40|0x0000000706000000, 0x0000000706000000, 0x0000000706200000|  0%| F|  |TAMS 0x0000000706000000, 0x0000000706000000| Untracked 
|  41|0x0000000706200000, 0x0000000706200000, 0x0000000706400000|  0%| F|  |TAMS 0x0000000706200000, 0x0000000706200000| Untracked 
|  42|0x0000000706400000, 0x0000000706400000, 0x0000000706600000|  0%| F|  |TAMS 0x0000000706400000, 0x0000000706400000| Untracked 
|  43|0x0000000706600000, 0x0000000706600000, 0x0000000706800000|  0%| F|  |TAMS 0x0000000706600000, 0x0000000706600000| Untracked 
|  44|0x0000000706800000, 0x0000000706800000, 0x0000000706a00000|  0%| F|  |TAMS 0x0000000706800000, 0x0000000706800000| Untracked 
|  45|0x0000000706a00000, 0x0000000706a00000, 0x0000000706c00000|  0%| F|  |TAMS 0x0000000706a00000, 0x0000000706a00000| Untracked 
|  46|0x0000000706c00000, 0x0000000706c00000, 0x0000000706e00000|  0%| F|  |TAMS 0x0000000706c00000, 0x0000000706c00000| Untracked 
|  47|0x0000000706e00000, 0x0000000706e00000, 0x0000000707000000|  0%| F|  |TAMS 0x0000000706e00000, 0x0000000706e00000| Untracked 
|  48|0x0000000707000000, 0x0000000707000000, 0x0000000707200000|  0%| F|  |TAMS 0x0000000707000000, 0x0000000707000000| Untracked 
|  49|0x0000000707200000, 0x0000000707200000, 0x0000000707400000|  0%| F|  |TAMS 0x0000000707200000, 0x0000000707200000| Untracked 
|  50|0x0000000707400000, 0x0000000707400000, 0x0000000707600000|  0%| F|  |TAMS 0x0000000707400000, 0x0000000707400000| Untracked 
|  51|0x0000000707600000, 0x0000000707600000, 0x0000000707800000|  0%| F|  |TAMS 0x0000000707600000, 0x0000000707600000| Untracked 
|  52|0x0000000707800000, 0x0000000707800000, 0x0000000707a00000|  0%| F|  |TAMS 0x0000000707800000, 0x0000000707800000| Untracked 
|  53|0x0000000707a00000, 0x0000000707a00000, 0x0000000707c00000|  0%| F|  |TAMS 0x0000000707a00000, 0x0000000707a00000| Untracked 
|  54|0x0000000707c00000, 0x0000000707c00000, 0x0000000707e00000|  0%| F|  |TAMS 0x0000000707c00000, 0x0000000707c00000| Untracked 
|  55|0x0000000707e00000, 0x0000000707e00000, 0x0000000708000000|  0%| F|  |TAMS 0x0000000707e00000, 0x0000000707e00000| Untracked 
|  56|0x0000000708000000, 0x0000000708000000, 0x0000000708200000|  0%| F|  |TAMS 0x0000000708000000, 0x0000000708000000| Untracked 
|  57|0x0000000708200000, 0x0000000708200000, 0x0000000708400000|  0%| F|  |TAMS 0x0000000708200000, 0x0000000708200000| Untracked 
|  58|0x0000000708400000, 0x0000000708400000, 0x0000000708600000|  0%| F|  |TAMS 0x0000000708400000, 0x0000000708400000| Untracked 
|  59|0x0000000708600000, 0x0000000708600000, 0x0000000708800000|  0%| F|  |TAMS 0x0000000708600000, 0x0000000708600000| Untracked 
|  60|0x0000000708800000, 0x0000000708800000, 0x0000000708a00000|  0%| F|  |TAMS 0x0000000708800000, 0x0000000708800000| Untracked 
|  61|0x0000000708a00000, 0x0000000708a00000, 0x0000000708c00000|  0%| F|  |TAMS 0x0000000708a00000, 0x0000000708a00000| Untracked 
|  62|0x0000000708c00000, 0x0000000708c00000, 0x0000000708e00000|  0%| F|  |TAMS 0x0000000708c00000, 0x0000000708c00000| Untracked 
|  63|0x0000000708e00000, 0x0000000708e00000, 0x0000000709000000|  0%| F|  |TAMS 0x0000000708e00000, 0x0000000708e00000| Untracked 
|  64|0x0000000709000000, 0x0000000709000000, 0x0000000709200000|  0%| F|  |TAMS 0x0000000709000000, 0x0000000709000000| Untracked 
|  65|0x0000000709200000, 0x0000000709200000, 0x0000000709400000|  0%| F|  |TAMS 0x0000000709200000, 0x0000000709200000| Untracked 
|  66|0x0000000709400000, 0x0000000709400000, 0x0000000709600000|  0%| F|  |TAMS 0x0000000709400000, 0x0000000709400000| Untracked 
|  67|0x0000000709600000, 0x0000000709600000, 0x0000000709800000|  0%| F|  |TAMS 0x0000000709600000, 0x0000000709600000| Untracked 
|  68|0x0000000709800000, 0x0000000709800000, 0x0000000709a00000|  0%| F|  |TAMS 0x0000000709800000, 0x0000000709800000| Untracked 
|  69|0x0000000709a00000, 0x0000000709a00000, 0x0000000709c00000|  0%| F|  |TAMS 0x0000000709a00000, 0x0000000709a00000| Untracked 
|  70|0x0000000709c00000, 0x0000000709c00000, 0x0000000709e00000|  0%| F|  |TAMS 0x0000000709c00000, 0x0000000709c00000| Untracked 
|  71|0x0000000709e00000, 0x0000000709e00000, 0x000000070a000000|  0%| F|  |TAMS 0x0000000709e00000, 0x0000000709e00000| Untracked 
|  72|0x000000070a000000, 0x000000070a000000, 0x000000070a200000|  0%| F|  |TAMS 0x000000070a000000, 0x000000070a000000| Untracked 
|  73|0x000000070a200000, 0x000000070a200000, 0x000000070a400000|  0%| F|  |TAMS 0x000000070a200000, 0x000000070a200000| Untracked 
|  74|0x000000070a400000, 0x000000070a400000, 0x000000070a600000|  0%| F|  |TAMS 0x000000070a400000, 0x000000070a400000| Untracked 
|  75|0x000000070a600000, 0x000000070a600000, 0x000000070a800000|  0%| F|  |TAMS 0x000000070a600000, 0x000000070a600000| Untracked 
|  76|0x000000070a800000, 0x000000070a800000, 0x000000070aa00000|  0%| F|  |TAMS 0x000000070a800000, 0x000000070a800000| Untracked 
|  77|0x000000070aa00000, 0x000000070aa00000, 0x000000070ac00000|  0%| F|  |TAMS 0x000000070aa00000, 0x000000070aa00000| Untracked 
|  78|0x000000070ac00000, 0x000000070ac00000, 0x000000070ae00000|  0%| F|  |TAMS 0x000000070ac00000, 0x000000070ac00000| Untracked 
|  79|0x000000070ae00000, 0x000000070ae00000, 0x000000070b000000|  0%| F|  |TAMS 0x000000070ae00000, 0x000000070ae00000| Untracked 
|  80|0x000000070b000000, 0x000000070b000000, 0x000000070b200000|  0%| F|  |TAMS 0x000000070b000000, 0x000000070b000000| Untracked 
|  81|0x000000070b200000, 0x000000070b200000, 0x000000070b400000|  0%| F|  |TAMS 0x000000070b200000, 0x000000070b200000| Untracked 
|  82|0x000000070b400000, 0x000000070b400000, 0x000000070b600000|  0%| F|  |TAMS 0x000000070b400000, 0x000000070b400000| Untracked 
|  83|0x000000070b600000, 0x000000070b600000, 0x000000070b800000|  0%| F|  |TAMS 0x000000070b600000, 0x000000070b600000| Untracked 
|  84|0x000000070b800000, 0x000000070b800000, 0x000000070ba00000|  0%| F|  |TAMS 0x000000070b800000, 0x000000070b800000| Untracked 
|  85|0x000000070ba00000, 0x000000070bbb0a28, 0x000000070bc00000| 84%| E|  |TAMS 0x000000070ba00000, 0x000000070ba00000| Complete 
|  86|0x000000070bc00000, 0x000000070be00000, 0x000000070be00000|100%| E|CS|TAMS 0x000000070bc00000, 0x000000070bc00000| Complete 
|  87|0x000000070be00000, 0x000000070c000000, 0x000000070c000000|100%| E|CS|TAMS 0x000000070be00000, 0x000000070be00000| Complete 
|  88|0x000000070c000000, 0x000000070c200000, 0x000000070c200000|100%| E|CS|TAMS 0x000000070c000000, 0x000000070c000000| Complete 
|  89|0x000000070c200000, 0x000000070c400000, 0x000000070c400000|100%| E|CS|TAMS 0x000000070c200000, 0x000000070c200000| Complete 
|  90|0x000000070c400000, 0x000000070c600000, 0x000000070c600000|100%| E|CS|TAMS 0x000000070c400000, 0x000000070c400000| Complete 
|  91|0x000000070c600000, 0x000000070c800000, 0x000000070c800000|100%| E|CS|TAMS 0x000000070c600000, 0x000000070c600000| Complete 
|  92|0x000000070c800000, 0x000000070ca00000, 0x000000070ca00000|100%| E|CS|TAMS 0x000000070c800000, 0x000000070c800000| Complete 
|  93|0x000000070ca00000, 0x000000070cc00000, 0x000000070cc00000|100%| E|CS|TAMS 0x000000070ca00000, 0x000000070ca00000| Complete 
|  94|0x000000070cc00000, 0x000000070ce00000, 0x000000070ce00000|100%| E|CS|TAMS 0x000000070cc00000, 0x000000070cc00000| Complete 
|  95|0x000000070ce00000, 0x000000070d000000, 0x000000070d000000|100%| E|CS|TAMS 0x000000070ce00000, 0x000000070ce00000| Complete 
|  96|0x000000070d000000, 0x000000070d200000, 0x000000070d200000|100%| E|CS|TAMS 0x000000070d000000, 0x000000070d000000| Complete 
|  97|0x000000070d200000, 0x000000070d400000, 0x000000070d400000|100%| E|CS|TAMS 0x000000070d200000, 0x000000070d200000| Complete 
|  98|0x000000070d400000, 0x000000070d600000, 0x000000070d600000|100%| E|CS|TAMS 0x000000070d400000, 0x000000070d400000| Complete 
|  99|0x000000070d600000, 0x000000070d800000, 0x000000070d800000|100%| E|CS|TAMS 0x000000070d600000, 0x000000070d600000| Complete 
| 100|0x000000070d800000, 0x000000070da00000, 0x000000070da00000|100%| E|CS|TAMS 0x000000070d800000, 0x000000070d800000| Complete 
| 101|0x000000070da00000, 0x000000070dc00000, 0x000000070dc00000|100%| E|CS|TAMS 0x000000070da00000, 0x000000070da00000| Complete 
| 102|0x000000070dc00000, 0x000000070de00000, 0x000000070de00000|100%| E|CS|TAMS 0x000000070dc00000, 0x000000070dc00000| Complete 
| 103|0x000000070de00000, 0x000000070e000000, 0x000000070e000000|100%| E|CS|TAMS 0x000000070de00000, 0x000000070de00000| Complete 
| 104|0x000000070e000000, 0x000000070e200000, 0x000000070e200000|100%| E|CS|TAMS 0x000000070e000000, 0x000000070e000000| Complete 
| 105|0x000000070e200000, 0x000000070e400000, 0x000000070e400000|100%| E|CS|TAMS 0x000000070e200000, 0x000000070e200000| Complete 
| 106|0x000000070e400000, 0x000000070e600000, 0x000000070e600000|100%| E|CS|TAMS 0x000000070e400000, 0x000000070e400000| Complete 
| 107|0x000000070e600000, 0x000000070e800000, 0x000000070e800000|100%| E|CS|TAMS 0x000000070e600000, 0x000000070e600000| Complete 
| 108|0x000000070e800000, 0x000000070ea00000, 0x000000070ea00000|100%| E|CS|TAMS 0x000000070e800000, 0x000000070e800000| Complete 
| 109|0x000000070ea00000, 0x000000070ec00000, 0x000000070ec00000|100%| E|CS|TAMS 0x000000070ea00000, 0x000000070ea00000| Complete 
| 110|0x000000070ec00000, 0x000000070ee00000, 0x000000070ee00000|100%| E|CS|TAMS 0x000000070ec00000, 0x000000070ec00000| Complete 
| 111|0x000000070ee00000, 0x000000070ef2d3b8, 0x000000070f000000| 58%| S|CS|TAMS 0x000000070ee00000, 0x000000070ee00000| Complete 
| 112|0x000000070f000000, 0x000000070f200000, 0x000000070f200000|100%| S|CS|TAMS 0x000000070f000000, 0x000000070f000000| Complete 
| 113|0x000000070f200000, 0x000000070f400000, 0x000000070f400000|100%| E|CS|TAMS 0x000000070f200000, 0x000000070f200000| Complete 
| 114|0x000000070f400000, 0x000000070f600000, 0x000000070f600000|100%| E|CS|TAMS 0x000000070f400000, 0x000000070f400000| Complete 
| 115|0x000000070f600000, 0x000000070f800000, 0x000000070f800000|100%| E|CS|TAMS 0x000000070f600000, 0x000000070f600000| Complete 
| 116|0x000000070f800000, 0x000000070fa00000, 0x000000070fa00000|100%| E|CS|TAMS 0x000000070f800000, 0x000000070f800000| Complete 
| 117|0x000000070fa00000, 0x000000070fc00000, 0x000000070fc00000|100%| E|CS|TAMS 0x000000070fa00000, 0x000000070fa00000| Complete 
| 118|0x000000070fc00000, 0x000000070fe00000, 0x000000070fe00000|100%| E|CS|TAMS 0x000000070fc00000, 0x000000070fc00000| Complete 
| 119|0x000000070fe00000, 0x0000000710000000, 0x0000000710000000|100%| E|CS|TAMS 0x000000070fe00000, 0x000000070fe00000| Complete 
| 120|0x0000000710000000, 0x0000000710200000, 0x0000000710200000|100%| E|CS|TAMS 0x0000000710000000, 0x0000000710000000| Complete 
| 121|0x0000000710200000, 0x0000000710400000, 0x0000000710400000|100%| E|CS|TAMS 0x0000000710200000, 0x0000000710200000| Complete 
| 122|0x0000000710400000, 0x0000000710600000, 0x0000000710600000|100%| E|CS|TAMS 0x0000000710400000, 0x0000000710400000| Complete 
| 123|0x0000000710600000, 0x0000000710800000, 0x0000000710800000|100%| E|CS|TAMS 0x0000000710600000, 0x0000000710600000| Complete 
| 124|0x0000000710800000, 0x0000000710a00000, 0x0000000710a00000|100%| E|CS|TAMS 0x0000000710800000, 0x0000000710800000| Complete 
| 125|0x0000000710a00000, 0x0000000710c00000, 0x0000000710c00000|100%| E|CS|TAMS 0x0000000710a00000, 0x0000000710a00000| Complete 
| 126|0x0000000710c00000, 0x0000000710e00000, 0x0000000710e00000|100%| E|CS|TAMS 0x0000000710c00000, 0x0000000710c00000| Complete 
| 127|0x0000000710e00000, 0x0000000711000000, 0x0000000711000000|100%| E|CS|TAMS 0x0000000710e00000, 0x0000000710e00000| Complete 

Card table byte_map: [0x0000017a799d0000,0x0000017a7a1d0000] _byte_map_base: 0x0000017a761c8000

Marking Bits (Prev, Next): (CMBitMap*) 0x0000017a628c2740, (CMBitMap*) 0x0000017a628c2780
 Prev Bits: [0x0000017a7a9d0000, 0x0000017a7e990000)
 Next Bits: [0x0000017a00000000, 0x0000017a03fc0000)

Polling page: 0x0000017a607b0000

Metaspace:

Usage:
  Non-class:     14.04 MB used.
      Class:      1.57 MB used.
       Both:     15.61 MB used.

Virtual space:
  Non-class space:       16.00 MB reserved,      14.19 MB ( 89%) committed,  2 nodes.
      Class space:        1.00 GB reserved,       1.69 MB ( <1%) committed,  1 nodes.
             Both:        1.02 GB reserved,      15.88 MB (  2%) committed. 

Chunk freelists:
   Non-Class:  906.00 KB
       Class:  2.16 MB
        Both:  3.05 MB

MaxMetaspaceSize: unlimited
CompressedClassSpaceSize: 1.00 GB
Initial GC threshold: 21.00 MB
Current GC threshold: 21.00 MB
CDS: on
MetaspaceReclaimPolicy: balanced
 - commit_granule_bytes: 65536.
 - commit_granule_words: 8192.
 - virtual_space_node_default_size: 1048576.
 - enlarge_chunks_in_place: 1.
 - new_chunks_are_fully_committed: 0.
 - uncommit_free_chunks: 1.
 - use_allocation_guard: 0.
 - handle_deallocations: 1.


Internal statistics:

num_allocs_failed_limit: 0.
num_arena_births: 254.
num_arena_deaths: 0.
num_vsnodes_births: 3.
num_vsnodes_deaths: 0.
num_space_committed: 254.
num_space_uncommitted: 0.
num_chunks_returned_to_freelist: 0.
num_chunks_taken_from_freelist: 393.
num_chunk_merges: 0.
num_chunk_splits: 248.
num_chunks_enlarged: 143.
num_purges: 0.
num_inconsistent_stats: 0.

CodeHeap 'non-profiled nmethods': size=120000Kb used=2167Kb max_used=2167Kb free=117833Kb
 bounds [0x0000017a71b90000, 0x0000017a71e00000, 0x0000017a790c0000]
CodeHeap 'profiled nmethods': size=120000Kb used=7885Kb max_used=7885Kb free=112114Kb
 bounds [0x0000017a6a660000, 0x0000017a6ae20000, 0x0000017a71b90000]
CodeHeap 'non-nmethods': size=5760Kb used=1430Kb max_used=1523Kb free=4329Kb
 bounds [0x0000017a6a0c0000, 0x0000017a6a330000, 0x0000017a6a660000]
 total_blobs=4520 nmethods=3811 adapters=618
 compilation: enabled
              stopped_count=0, restarted_count=0
 full_count=0

Compilation events (20 events):
Event: 248.122 Thread 0x0000017a7f1ed580 nmethod 3803 0x0000017a6ae10b10 code [0x0000017a6ae10ca0, 0x0000017a6ae10e88]
Event: 248.124 Thread 0x0000017a7f1ed580 3804       3       sun.awt.windows.WComponentPeer::isAccelCapable (49 bytes)
Event: 248.124 Thread 0x0000017a7f1ed580 nmethod 3804 0x0000017a6ae10f90 code [0x0000017a6ae111c0, 0x0000017a6ae11c78]
Event: 248.137 Thread 0x0000017a7f1ed580 3806       3       java.util.WeakHashMap$Entry::<init> (24 bytes)
Event: 248.137 Thread 0x0000017a7f1ed580 nmethod 3806 0x0000017a6ae11e90 code [0x0000017a6ae12040, 0x0000017a6ae12458]
Event: 248.157 Thread 0x0000017a7f1ebba0 nmethod 3796 0x0000017a71da6210 code [0x0000017a71da6620, 0x0000017a71daa9b8]
Event: 248.157 Thread 0x0000017a7f1ebba0 3805       4       java.util.WeakHashMap::getTable (9 bytes)
Event: 248.157 Thread 0x0000017a7f1ebba0 nmethod 3805 0x0000017a71dad010 code [0x0000017a71dad1a0, 0x0000017a71dad248]
Event: 248.158 Thread 0x0000017a7f1ebba0 3807       4       java.awt.Rectangle::setBounds (21 bytes)
Event: 248.159 Thread 0x0000017a7f1ebba0 nmethod 3807 0x0000017a71dad310 code [0x0000017a71dad480, 0x0000017a71dad538]
Event: 248.161 Thread 0x0000017a7f1ed580 3808       3       sun.java2d.d3d.D3DTextureToSurfaceBlit::Blit (46 bytes)
Event: 248.161 Thread 0x0000017a7f1ed580 nmethod 3808 0x0000017a6ae12590 code [0x0000017a6ae12740, 0x0000017a6ae12968]
Event: 248.161 Thread 0x0000017a7f1ed580 3809       3       java.awt.color.ColorSpace::getInstance (77 bytes)
Event: 248.162 Thread 0x0000017a7f1ed580 nmethod 3809 0x0000017a6ae12a90 code [0x0000017a6ae12c80, 0x0000017a6ae13048]
Event: 248.166 Thread 0x0000017a7f1ebba0 3810       4       sun.java2d.SurfaceData::getTransparency (8 bytes)
Event: 248.166 Thread 0x0000017a7f1ed580 3811       1       java.awt.BasicStroke::getLineWidth (5 bytes)
Event: 248.166 Thread 0x0000017a7f1ebba0 nmethod 3810 0x0000017a71dad610 code [0x0000017a71dad780, 0x0000017a71dad838]
Event: 248.166 Thread 0x0000017a7f1ed580 nmethod 3811 0x0000017a71dad910 code [0x0000017a71dadaa0, 0x0000017a71dadb78]
Event: 248.168 Thread 0x0000017a7f1ed580 3812       3       java.util.concurrent.locks.LockSupport::park (23 bytes)
Event: 248.168 Thread 0x0000017a7f1ed580 nmethod 3812 0x0000017a6ae13110 code [0x0000017a6ae132c0, 0x0000017a6ae13488]

GC Heap History (4 events):
Event: 10.873 GC heap before
{Heap before GC invocations=0 (full 0):
 garbage-first heap   total 262144K, used 20480K [0x0000000701000000, 0x0000000800000000)
  region size 2048K, 10 young (20480K), 0 survivors (0K)
 Metaspace       used 11641K, committed 11840K, reserved 1064960K
  class space    used 1342K, committed 1472K, reserved 1048576K
}
Event: 10.876 GC heap after
{Heap after GC invocations=1 (full 0):
 garbage-first heap   total 262144K, used 4011K [0x0000000701000000, 0x0000000800000000)
  region size 2048K, 2 young (4096K), 2 survivors (4096K)
 Metaspace       used 11641K, committed 11840K, reserved 1064960K
  class space    used 1342K, committed 1472K, reserved 1048576K
}
Event: 15.546 GC heap before
{Heap before GC invocations=1 (full 0):
 garbage-first heap   total 262144K, used 28587K [0x0000000701000000, 0x0000000800000000)
  region size 2048K, 15 young (30720K), 2 survivors (4096K)
 Metaspace       used 14445K, committed 14656K, reserved 1064960K
  class space    used 1496K, committed 1600K, reserved 1048576K
}
Event: 15.550 GC heap after
{Heap after GC invocations=2 (full 0):
 garbage-first heap   total 262144K, used 6288K [0x0000000701000000, 0x0000000800000000)
  region size 2048K, 2 young (4096K), 2 survivors (4096K)
 Metaspace       used 14445K, committed 14656K, reserved 1064960K
  class space    used 1496K, committed 1600K, reserved 1048576K
}

Deoptimization events (20 events):
Event: 42.853 Thread 0x0000017a0620bd50 Uncommon trap: trap_request=0xffffff45 fr.pc=0x0000017a71d4337c relative=0x00000000000000fc
Event: 42.853 Thread 0x0000017a0620bd50 Uncommon trap: reason=unstable_if action=reinterpret pc=0x0000017a71d4337c method=sun.font.FileFontStrike.getCachedGlyphPtrInternal(I)J @ 4 c2
Event: 42.853 Thread 0x0000017a0620bd50 DEOPT PACKING pc=0x0000017a71d4337c sp=0x0000001f870fd400
Event: 42.853 Thread 0x0000017a0620bd50 DEOPT UNPACKING pc=0x0000017a6a1123a3 sp=0x0000001f870fd318 mode 2
Event: 42.854 Thread 0x0000017a0620bd50 Uncommon trap: trap_request=0xffffff45 fr.pc=0x0000017a71d43774 relative=0x00000000000000f4
Event: 42.854 Thread 0x0000017a0620bd50 Uncommon trap: reason=unstable_if action=reinterpret pc=0x0000017a71d43774 method=sun.font.FileFontStrike.getCachedGlyphPtrInternal(I)J @ 4 c2
Event: 42.854 Thread 0x0000017a0620bd50 DEOPT PACKING pc=0x0000017a71d43774 sp=0x0000001f870fd150
Event: 42.854 Thread 0x0000017a0620bd50 DEOPT UNPACKING pc=0x0000017a6a1123a3 sp=0x0000001f870fd0f0 mode 2
Event: 42.889 Thread 0x0000017a0620bd50 Uncommon trap: trap_request=0xffffffde fr.pc=0x0000017a71d3c894 relative=0x0000000000004254
Event: 42.889 Thread 0x0000017a0620bd50 Uncommon trap: reason=class_check action=maybe_recompile pc=0x0000017a71d3c894 method=java.awt.Component.dispatchEventImpl(Ljava/awt/AWTEvent;)V @ 686 c2
Event: 42.889 Thread 0x0000017a0620bd50 DEOPT PACKING pc=0x0000017a71d3c894 sp=0x0000001f870fc8a0
Event: 42.889 Thread 0x0000017a0620bd50 DEOPT UNPACKING pc=0x0000017a6a1123a3 sp=0x0000001f870fc8b0 mode 2
Event: 46.273 Thread 0x0000017a0620bd50 Uncommon trap: trap_request=0xffffff45 fr.pc=0x0000017a71d980b4 relative=0x0000000000002e94
Event: 46.273 Thread 0x0000017a0620bd50 Uncommon trap: reason=unstable_if action=reinterpret pc=0x0000017a71d980b4 method=java.awt.Component.areInputMethodsEnabled()Z @ 10 c2
Event: 46.273 Thread 0x0000017a0620bd50 DEOPT PACKING pc=0x0000017a71d980b4 sp=0x0000001f870fd640
Event: 46.273 Thread 0x0000017a0620bd50 DEOPT UNPACKING pc=0x0000017a6a1123a3 sp=0x0000001f870fd5e0 mode 2
Event: 47.071 Thread 0x0000017a0620bd50 Uncommon trap: trap_request=0xffffff45 fr.pc=0x0000017a71ce47c4 relative=0x0000000000006a84
Event: 47.071 Thread 0x0000017a0620bd50 Uncommon trap: reason=unstable_if action=reinterpret pc=0x0000017a71ce47c4 method=javax.swing.SwingUtilities.computeUnion(IIIILjava/awt/Rectangle;)Ljava/awt/Rectangle; @ 6 c2
Event: 47.071 Thread 0x0000017a0620bd50 DEOPT PACKING pc=0x0000017a71ce47c4 sp=0x0000001f870fc700
Event: 47.071 Thread 0x0000017a0620bd50 DEOPT UNPACKING pc=0x0000017a6a1123a3 sp=0x0000001f870fc560 mode 2

Classes unloaded (0 events):
No events

Classes redefined (0 events):
No events

Internal exceptions (20 events):
Event: 10.992 Thread 0x0000017a7fd7fde0 Exception <a 'java/lang/NoSuchMethodError'{0x0000000710bacd78}: 'java.lang.Object java.lang.invoke.DirectMethodHandle$Holder.newInvokeSpecial(java.lang.Object, java.lang.Object, java.lang.Object, int, int, int, int, int)'> (0x0000000710bacd78) 
thrown [t:\workspace\open\src\hotspot\share\interpreter\linkResolver.cpp, line 766]
Event: 40.589 Thread 0x0000017a0620bd50 Exception <a 'java/lang/NoSuchMethodError'{0x000000070d3928b8}: 'java.lang.Object java.lang.invoke.DirectMethodHandle$Holder.invokeSpecial(java.lang.Object, java.lang.Object, long, int, java.lang.Object, java.lang.Object, int, int, int)'> (0x000000070d3928b8) 
thrown [t:\workspace\open\src\hotspot\share\interpreter\linkResolver.cpp, line 766]
Event: 40.590 Thread 0x0000017a0620bd50 Exception <a 'java/lang/NoSuchMethodError'{0x000000070d3967c8}: 'java.lang.Object java.lang.invoke.DelegatingMethodHandle$Holder.reinvoke_L(java.lang.Object, long, int, java.lang.Object, java.lang.Object, int, int, int)'> (0x000000070d3967c8) 
thrown [t:\workspace\open\src\hotspot\share\interpreter\linkResolver.cpp, line 766]
Event: 41.871 Thread 0x0000017a0620bd50 Implicit null exception at 0x0000017a71d29ca8 to 0x0000017a71d29f12
Event: 41.873 Thread 0x0000017a0620bd50 Implicit null exception at 0x0000017a71c9a2af to 0x0000017a71c9a40c
Event: 41.873 Thread 0x0000017a0620bd50 Implicit null exception at 0x0000017a71c9a7af to 0x0000017a71c9a90c
Event: 41.873 Thread 0x0000017a0620bd50 Implicit null exception at 0x0000017a71c704f3 to 0x0000017a71c73db8
Event: 196.130 Thread 0x0000017a0620bd50 Exception <a 'java/lang/NoSuchMethodError'{0x000000070c1fbb78}: 'java.lang.Object java.lang.invoke.DirectMethodHandle$Holder.invokeStaticInit(java.lang.Object, java.lang.Object, java.lang.Object, java.lang.Object, java.lang.Object, java.lang.Object, java.lang.Object)'> (0x000000070c1fbb78) 
thrown [t:\workspace\open\src\hotspot\share\interpreter\linkResolver.cpp, line 766]
Event: 196.134 Thread 0x0000017a0620bd50 Exception <a 'java/lang/NoSuchMethodError'{0x000000070be06178}: 'java.lang.Object java.lang.invoke.DirectMethodHandle$Holder.invokeSpecial(java.lang.Object, java.lang.Object, java.lang.Object, java.lang.Object, java.lang.Object, java.lang.Object, java.lang.Object, java.lang.Object, java.lang.Object)'> (0x000000070be06178) 
thrown [t:\workspace\open\src\hotspot\share\interpreter\linkResolver.cpp, line 766]
Event: 196.135 Thread 0x0000017a0620bd50 Exception <a 'java/lang/NoSuchMethodError'{0x000000070be0aff0}: 'java.lang.Object java.lang.invoke.Invokers$Holder.invoke_MT(java.lang.Object, java.lang.Object, java.lang.Object, java.lang.Object, java.lang.Object, java.lang.Object, java.lang.Object, java.lang.Object, java.lang.Object)'> (0x000000070be0aff0) 
thrown [t:\workspace\open\src\hotspot\share\interpreter\linkResolver.cpp, line 766]
Event: 196.139 Thread 0x0000017a0620bd50 Exception <a 'java/lang/NoSuchMethodError'{0x000000070be16930}: 'java.lang.Object java.lang.invoke.DirectMethodHandle$Holder.invokeStatic(java.lang.Object, java.lang.Object, int)'> (0x000000070be16930) 
thrown [t:\workspace\open\src\hotspot\share\interpreter\linkResolver.cpp, line 766]
Event: 196.146 Thread 0x0000017a0620bd50 Exception <a 'java/lang/NoSuchMethodError'{0x000000070be2ce10}: 'void java.lang.invoke.DelegatingMethodHandle$Holder.delegate(java.lang.Object, java.lang.Object, int, java.lang.Object)'> (0x000000070be2ce10) 
thrown [t:\workspace\open\src\hotspot\share\interpreter\linkResolver.cpp, line 766]
Event: 196.148 Thread 0x0000017a0620bd50 Exception <a 'java/lang/NoSuchMethodError'{0x000000070be31450}: 'int java.lang.invoke.DirectMethodHandle$Holder.invokeSpecial(java.lang.Object, java.lang.Object, java.lang.Object)'> (0x000000070be31450) 
thrown [t:\workspace\open\src\hotspot\share\interpreter\linkResolver.cpp, line 766]
Event: 196.161 Thread 0x0000017a0620bd50 Exception <a 'java/lang/NoSuchMethodError'{0x000000070be526f8}: 'int java.lang.invoke.DirectMethodHandle$Holder.invokeVirtual(java.lang.Object, java.lang.Object, java.lang.Object)'> (0x000000070be526f8) 
thrown [t:\workspace\open\src\hotspot\share\interpreter\linkResolver.cpp, line 766]
Event: 196.162 Thread 0x0000017a0620bd50 Exception <a 'java/lang/NoSuchMethodError'{0x000000070be56f80}: 'int java.lang.invoke.DirectMethodHandle$Holder.invokeStaticInit(java.lang.Object, java.lang.Object, java.lang.Object)'> (0x000000070be56f80) 
thrown [t:\workspace\open\src\hotspot\share\interpreter\linkResolver.cpp, line 766]
Event: 196.164 Thread 0x0000017a0620bd50 Exception <a 'java/lang/NoSuchMethodError'{0x000000070be5ae08}: 'int java.lang.invoke.DirectMethodHandle$Holder.invokeStaticInit(java.lang.Object, int, int)'> (0x000000070be5ae08) 
thrown [t:\workspace\open\src\hotspot\share\interpreter\linkResolver.cpp, line 766]
Event: 196.167 Thread 0x0000017a0620bd50 Exception <a 'java/lang/NoSuchMethodError'{0x000000070be62b48}: 'int java.lang.invoke.DirectMethodHandle$Holder.invokeStaticInit(java.lang.Object, long, long)'> (0x000000070be62b48) 
thrown [t:\workspace\open\src\hotspot\share\interpreter\linkResolver.cpp, line 766]
Event: 196.169 Thread 0x0000017a0620bd50 Exception <a 'java/lang/NoSuchMethodError'{0x000000070be69ee8}: 'int java.lang.invoke.DirectMethodHandle$Holder.invokeStaticInit(java.lang.Object, float, float)'> (0x000000070be69ee8) 
thrown [t:\workspace\open\src\hotspot\share\interpreter\linkResolver.cpp, line 766]
Event: 196.172 Thread 0x0000017a0620bd50 Exception <a 'java/lang/NoSuchMethodError'{0x000000070be71290}: 'int java.lang.invoke.DirectMethodHandle$Holder.invokeStaticInit(java.lang.Object, double, double)'> (0x000000070be71290) 
thrown [t:\workspace\open\src\hotspot\share\interpreter\linkResolver.cpp, line 766]
Event: 196.174 Thread 0x0000017a0620bd50 Exception <a 'java/lang/NoSuchMethodError'{0x000000070be75de8}: 'int java.lang.invoke.DirectMethodHandle$Holder.invokeStatic(java.lang.Object, long)'> (0x000000070be75de8) 
thrown [t:\workspace\open\src\hotspot\share\interpreter\linkResolver.cpp, line 766]

VM Operations (20 events):
Event: 202.906 Executing VM operation: ChangeSingleStep
Event: 202.906 Executing VM operation: ChangeSingleStep done
Event: 202.906 Executing VM operation: ChangeSingleStep
Event: 202.906 Executing VM operation: ChangeSingleStep done
Event: 202.907 Executing VM operation: ChangeSingleStep
Event: 202.907 Executing VM operation: ChangeSingleStep done
Event: 202.912 Executing VM operation: get/set locals
Event: 202.912 Executing VM operation: get/set locals done
Event: 202.913 Executing VM operation: get/set locals
Event: 202.913 Executing VM operation: get/set locals done
Event: 202.913 Executing VM operation: get/set locals
Event: 202.913 Executing VM operation: get/set locals done
Event: 248.061 Executing VM operation: ChangeBreakpoints
Event: 248.062 Executing VM operation: ChangeBreakpoints done
Event: 248.062 Executing VM operation: ChangeBreakpoints
Event: 248.062 Executing VM operation: ChangeBreakpoints done
Event: 248.062 Executing VM operation: ChangeBreakpoints
Event: 248.062 Executing VM operation: ChangeBreakpoints done
Event: 248.062 Executing VM operation: ChangeBreakpoints
Event: 248.062 Executing VM operation: ChangeBreakpoints done

Events (20 events):
Event: 196.158 loading class java/lang/invoke/DirectMethodHandle$EnsureInitialized done
Event: 196.160 loading class java/lang/runtime/ObjectMethods$1
Event: 196.160 loading class java/lang/runtime/ObjectMethods$1 done
Event: 196.180 loading class java/lang/invoke/DirectMethodHandle$1
Event: 196.180 loading class java/lang/invoke/DirectMethodHandle$1 done
Event: 196.190 loading class java/util/Formatter$FixedString
Event: 196.190 loading class java/util/Formatter$FixedString done
Event: 248.060 Thread 0x0000017a7fde6ed0 Thread exited: 0x0000017a7fde6ed0
Event: 248.063 loading class sun/awt/windows/WInputMethod$1
Event: 248.063 loading class sun/awt/windows/WInputMethod$1 done
Event: 248.064 Thread 0x0000017a7fd64150 Thread exited: 0x0000017a7fd64150
Event: 248.150 loading class java/awt/font/TextHitInfo
Event: 248.151 loading class java/awt/font/TextHitInfo done
Event: 248.168 loading class jdk/internal/misc/Signal$1
Event: 248.168 loading class jdk/internal/misc/Signal$1 done
Event: 248.169 Thread 0x0000017a7feeecd0 Thread added: 0x0000017a7feeecd0
Event: 248.169 Thread 0x0000017a7feed990 Thread added: 0x0000017a7feed990
Event: 248.169 Thread 0x0000017a7feecb20 Thread added: 0x0000017a7feecb20
Event: 248.170 Thread 0x0000017a7feed990 Thread exited: 0x0000017a7feed990
Event: 248.170 Thread 0x0000017a0d72bd10 Thread exited: 0x0000017a0d72bd10


Dynamic libraries:
0x00007ff77ba60000 - 0x00007ff77ba6e000 	C:\Users\Utilizador\.jdks\openjdk-17.0.2\bin\java.exe
0x00007ffe63890000 - 0x00007ffe63a88000 	C:\WINDOWS\SYSTEM32\ntdll.dll
0x00007ffe61be0000 - 0x00007ffe61c9f000 	C:\WINDOWS\System32\KERNEL32.DLL
0x00007ffe60f80000 - 0x00007ffe61252000 	C:\WINDOWS\System32\KERNELBASE.dll
0x00007ffe61370000 - 0x00007ffe61470000 	C:\WINDOWS\System32\ucrtbase.dll
0x00007ffe5c880000 - 0x00007ffe5c898000 	C:\Users\Utilizador\.jdks\openjdk-17.0.2\bin\jli.dll
0x00007ffe55d60000 - 0x00007ffe55d7a000 	C:\Users\Utilizador\.jdks\openjdk-17.0.2\bin\VCRUNTIME140.dll
0x00007ffe61960000 - 0x00007ffe61b01000 	C:\WINDOWS\System32\USER32.dll
0x00007ffe4c4a0000 - 0x00007ffe4c73a000 	C:\WINDOWS\WinSxS\amd64_microsoft.windows.common-controls_6595b64144ccf1df_6.0.19041.1110_none_60b5254171f9507e\COMCTL32.dll
0x00007ffe618a0000 - 0x00007ffe618c2000 	C:\WINDOWS\System32\win32u.dll
0x00007ffe63670000 - 0x00007ffe6370e000 	C:\WINDOWS\System32\msvcrt.dll
0x00007ffe62860000 - 0x00007ffe6288b000 	C:\WINDOWS\System32\GDI32.dll
0x00007ffe61260000 - 0x00007ffe6136f000 	C:\WINDOWS\System32\gdi32full.dll
0x00007ffe61790000 - 0x00007ffe6182d000 	C:\WINDOWS\System32\msvcp_win.dll
0x00007ffe61d10000 - 0x00007ffe61d42000 	C:\WINDOWS\System32\IMM32.DLL
0x00007ffe5de30000 - 0x00007ffe5de3c000 	C:\Users\Utilizador\.jdks\openjdk-17.0.2\bin\vcruntime140_1.dll
0x00007ffe218c0000 - 0x00007ffe2194d000 	C:\Users\Utilizador\.jdks\openjdk-17.0.2\bin\msvcp140.dll
0x00007ffd846d0000 - 0x00007ffd85291000 	C:\Users\Utilizador\.jdks\openjdk-17.0.2\bin\server\jvm.dll
0x00007ffe61b10000 - 0x00007ffe61bbe000 	C:\WINDOWS\System32\ADVAPI32.dll
0x00007ffe63440000 - 0x00007ffe634dc000 	C:\WINDOWS\System32\sechost.dll
0x00007ffe62360000 - 0x00007ffe62485000 	C:\WINDOWS\System32\RPCRT4.dll
0x00007ffe62350000 - 0x00007ffe62358000 	C:\WINDOWS\System32\PSAPI.DLL
0x00007ffe55e20000 - 0x00007ffe55e29000 	C:\WINDOWS\SYSTEM32\WSOCK32.dll
0x00007ffe63710000 - 0x00007ffe6377b000 	C:\WINDOWS\System32\WS2_32.dll
0x00007ffe51e70000 - 0x00007ffe51e97000 	C:\WINDOWS\SYSTEM32\WINMM.dll
0x00007ffe59d60000 - 0x00007ffe59d6a000 	C:\WINDOWS\SYSTEM32\VERSION.dll
0x00007ffe5ee20000 - 0x00007ffe5ee32000 	C:\WINDOWS\SYSTEM32\kernel.appcore.dll
0x00007ffe5ddc0000 - 0x00007ffe5ddca000 	C:\Users\Utilizador\.jdks\openjdk-17.0.2\bin\jimage.dll
0x00007ffe4dfe0000 - 0x00007ffe4e1c4000 	C:\WINDOWS\SYSTEM32\DBGHELP.DLL
0x00007ffe3f7b0000 - 0x00007ffe3f7e5000 	C:\WINDOWS\SYSTEM32\dbgcore.DLL
0x00007ffe615d0000 - 0x00007ffe61652000 	C:\WINDOWS\System32\bcryptPrimitives.dll
0x00007ffe56450000 - 0x00007ffe5648b000 	C:\Users\Utilizador\.jdks\openjdk-17.0.2\bin\jdwp.dll
0x00007ffe56420000 - 0x00007ffe5642e000 	C:\Users\Utilizador\.jdks\openjdk-17.0.2\bin\instrument.dll
0x00007ffe55d30000 - 0x00007ffe55d55000 	C:\Users\Utilizador\.jdks\openjdk-17.0.2\bin\java.dll
0x00007ffe4cad0000 - 0x00007ffe4cae8000 	C:\Users\Utilizador\.jdks\openjdk-17.0.2\bin\zip.dll
0x00007ffe18cf0000 - 0x00007ffe18dc6000 	C:\Users\Utilizador\.jdks\openjdk-17.0.2\bin\jsvml.dll
0x00007ffe62910000 - 0x00007ffe63054000 	C:\WINDOWS\System32\SHELL32.dll
0x00007ffe5f020000 - 0x00007ffe5f7b2000 	C:\WINDOWS\SYSTEM32\windows.storage.dll
0x00007ffe624f0000 - 0x00007ffe62845000 	C:\WINDOWS\System32\combase.dll
0x00007ffe60960000 - 0x00007ffe60990000 	C:\WINDOWS\SYSTEM32\Wldp.dll
0x00007ffe63270000 - 0x00007ffe6331d000 	C:\WINDOWS\System32\SHCORE.dll
0x00007ffe62490000 - 0x00007ffe624e5000 	C:\WINDOWS\System32\shlwapi.dll
0x00007ffe60ec0000 - 0x00007ffe60edf000 	C:\WINDOWS\SYSTEM32\profapi.dll
0x00007ffe56410000 - 0x00007ffe5641c000 	C:\Users\Utilizador\.jdks\openjdk-17.0.2\bin\dt_socket.dll
0x00007ffe603a0000 - 0x00007ffe603db000 	C:\WINDOWS\SYSTEM32\IPHLPAPI.DLL
0x00007ffe606e0000 - 0x00007ffe6074a000 	C:\WINDOWS\system32\mswsock.dll
0x00007ffe55d10000 - 0x00007ffe55d29000 	C:\Users\Utilizador\.jdks\openjdk-17.0.2\bin\net.dll
0x00007ffe59a90000 - 0x00007ffe59b9c000 	C:\WINDOWS\SYSTEM32\WINHTTP.dll
0x00007ffe55cf0000 - 0x00007ffe55d06000 	C:\Users\Utilizador\.jdks\openjdk-17.0.2\bin\nio.dll
0x00007ffe199a0000 - 0x00007ffe19b2e000 	C:\Users\Utilizador\.jdks\openjdk-17.0.2\bin\awt.dll
0x00007ffe63780000 - 0x00007ffe6384d000 	C:\WINDOWS\System32\OLEAUT32.dll
0x00007ffe5e760000 - 0x00007ffe5e7f1000 	C:\WINDOWS\SYSTEM32\apphelp.dll
0x00007ffe5e860000 - 0x00007ffe5e8fe000 	C:\WINDOWS\system32\uxtheme.dll
0x00007ffe63320000 - 0x00007ffe63435000 	C:\WINDOWS\System32\MSCTF.dll
0x00007ffe62220000 - 0x00007ffe6234a000 	C:\WINDOWS\System32\ole32.dll
0x00007ffe5eb30000 - 0x00007ffe5eb5f000 	C:\WINDOWS\system32\DWMAPI.DLL
0x00007ffe16140000 - 0x00007ffe16265000 	C:\WINDOWS\system32\opengl32.dll
0x00007ffe16050000 - 0x00007ffe1607c000 	C:\WINDOWS\SYSTEM32\GLU32.dll
0x00007ffe60b70000 - 0x00007ffe60b82000 	C:\WINDOWS\SYSTEM32\msasn1.dll
0x00007ffe59cb0000 - 0x00007ffe59ce1000 	C:\WINDOWS\SYSTEM32\cryptnet.dll
0x00007ffe61470000 - 0x00007ffe615c6000 	C:\WINDOWS\System32\CRYPT32.dll
0x00007ffe597b0000 - 0x00007ffe598f8000 	C:\WINDOWS\SYSTEM32\drvstore.dll
0x00007ffe60d30000 - 0x00007ffe60d5c000 	C:\WINDOWS\SYSTEM32\devobj.dll
0x00007ffe61740000 - 0x00007ffe6178e000 	C:\WINDOWS\System32\cfgmgr32.dll
0x00007ffe60880000 - 0x00007ffe6088c000 	C:\WINDOWS\SYSTEM32\cryptbase.dll
0x00007ffe61830000 - 0x00007ffe61899000 	C:\WINDOWS\System32\WINTRUST.DLL
0x00007ffe61bc0000 - 0x00007ffe61bdd000 	C:\WINDOWS\System32\imagehlp.dll
0x00007ffe608c0000 - 0x00007ffe608d8000 	C:\WINDOWS\SYSTEM32\CRYPTSP.dll
0x00007ffe5ffb0000 - 0x00007ffe5ffe4000 	C:\WINDOWS\system32\rsaenh.dll
0x00007ffe61660000 - 0x00007ffe61687000 	C:\WINDOWS\System32\bcrypt.dll
0x00007ffe24420000 - 0x00007ffe246ef000 	C:\WINDOWS\system32\nvspcap64.dll
0x00007ffe600d0000 - 0x00007ffe60103000 	C:\WINDOWS\SYSTEM32\ntmarta.dll
0x00007ffe5f7d0000 - 0x00007ffe5f7f3000 	C:\WINDOWS\SYSTEM32\gpapi.dll
0x00007ffe57af0000 - 0x00007ffe57b2b000 	C:\WINDOWS\SYSTEM32\dxcore.dll
0x00007ffe1b000000 - 0x00007ffe1b089000 	C:\Users\Utilizador\.jdks\openjdk-17.0.2\bin\freetype.dll
0x00007ffe1af50000 - 0x00007ffe1aff8000 	C:\Users\Utilizador\.jdks\openjdk-17.0.2\bin\fontmanager.dll
0x00007ffe635c0000 - 0x00007ffe6366f000 	C:\WINDOWS\System32\clbcatq.dll
0x00007ffe5aaa0000 - 0x00007ffe5ac54000 	C:\WINDOWS\SYSTEM32\WindowsCodecs.dll
0x00007ffe449d0000 - 0x00007ffe44a0e000 	C:\WINDOWS\system32\dataexchange.dll
0x00007ffe5db10000 - 0x00007ffe5dcf3000 	C:\WINDOWS\system32\dcomp.dll
0x00007ffe5ccf0000 - 0x00007ffe5cf53000 	C:\WINDOWS\system32\d3d11.dll
0x00007ffe5f800000 - 0x00007ffe5f8f3000 	C:\WINDOWS\system32\dxgi.dll
0x00007ffe5adc0000 - 0x00007ffe5afc0000 	C:\WINDOWS\system32\twinapi.appcore.dll
0x00007ffe57c80000 - 0x00007ffe57d79000 	C:\WINDOWS\SYSTEM32\textinputframework.dll
0x00007ffe5e1d0000 - 0x00007ffe5e52e000 	C:\WINDOWS\System32\CoreUIComponents.dll
0x00007ffe5e530000 - 0x00007ffe5e622000 	C:\WINDOWS\System32\CoreMessaging.dll
0x00007ffe5d9a0000 - 0x00007ffe5daf4000 	C:\WINDOWS\SYSTEM32\wintypes.dll

dbghelp: loaded successfully - version: 4.0.5 - missing functions: none
symbol engine: initialized successfully - sym options: 0x614 - pdb path: .;C:\Users\Utilizador\.jdks\openjdk-17.0.2\bin;C:\WINDOWS\SYSTEM32;C:\WINDOWS\WinSxS\amd64_microsoft.windows.common-controls_6595b64144ccf1df_6.0.19041.1110_none_60b5254171f9507e;C:\Users\Utilizador\.jdks\openjdk-17.0.2\bin\server;C:\WINDOWS\System32\DriverStore\FileRepository\nv_dispig.inf_amd64_ade64cd54ec2f9ed

VM Arguments:
jvm_args: -agentlib:jdwp=transport=dt_socket,address=127.0.0.1:50618,suspend=y,server=n -javaagent:C:\Users\Utilizador\AppData\Local\JetBrains\IdeaIC2022.3\captureAgent\debugger-agent.jar -Dfile.encoding=UTF-8 
java_command: pt.ulusofona.lp2.deisiJungle.guiSimulator.AppLauncherKt
java_class_path (initial): C:\Users\Utilizador\IdeaProjects\lp2-22106142-22110364\out\production\lp2-22106142-22110364;C:\Users\Utilizador\.m2\repository\junit\junit\4.13.1\junit-4.13.1.jar;C:\Users\Utilizador\.m2\repository\org\hamcrest\hamcrest-core\1.3\hamcrest-core-1.3.jar;C:\Users\Utilizador\IdeaProjects\lp2-22106142-22110364\lib\LP2-GuiViewer2223-p3-1.0.0.jar;C:\Program Files\JetBrains\IntelliJ IDEA Community Edition 2021.3.2\lib\idea_rt.jar
Launcher Type: SUN_STANDARD

[Global flags]
     intx CICompilerCount                          = 3                                         {product} {ergonomic}
     uint ConcGCThreads                            = 2                                         {product} {ergonomic}
     uint G1ConcRefinementThreads                  = 6                                         {product} {ergonomic}
   size_t G1HeapRegionSize                         = 2097152                                   {product} {ergonomic}
    uintx GCDrainStackTargetSize                   = 64                                        {product} {ergonomic}
   size_t InitialHeapSize                          = 268435456                                 {product} {ergonomic}
   size_t MarkStackSize                            = 4194304                                   {product} {ergonomic}
   size_t MaxHeapSize                              = 4278190080                                {product} {ergonomic}
   size_t MaxNewSize                               = 2566914048                                {product} {ergonomic}
   size_t MinHeapDeltaBytes                        = 2097152                                   {product} {ergonomic}
   size_t MinHeapSize                              = 8388608                                   {product} {ergonomic}
    uintx NonNMethodCodeHeapSize                   = 5832780                                {pd product} {ergonomic}
    uintx NonProfiledCodeHeapSize                  = 122912730                              {pd product} {ergonomic}
    uintx ProfiledCodeHeapSize                     = 122912730                              {pd product} {ergonomic}
    uintx ReservedCodeCacheSize                    = 251658240                              {pd product} {ergonomic}
     bool SegmentedCodeCache                       = true                                      {product} {ergonomic}
   size_t SoftMaxHeapSize                          = 4278190080                             {manageable} {ergonomic}
     bool UseCompressedClassPointers               = true                           {product lp64_product} {ergonomic}
     bool UseCompressedOops                        = true                           {product lp64_product} {ergonomic}
     bool UseG1GC                                  = true                                      {product} {ergonomic}
     bool UseLargePagesIndividualAllocation        = false                                  {pd product} {ergonomic}

Logging:
Log output configuration:
 #0: stdout all=warning uptime,level,tags
 #1: stderr all=off uptime,level,tags

Environment Variables:
CLASSPATH=.;C:\Program Files (x86)\QuickTime\QTSystem\QTJava.zip
PATH=C:\Program Files (x86)\Common Files\Intel\Shared Libraries\redist\intel64\compiler;C:\Program Files (x86)\Common Files\Oracle\Java\javapath;C:\Program Files (x86)\Razer Chroma SDK\bin;C:\Program Files\Razer Chroma SDK\bin;C:\Windows\system32;C:\Windows;C:\Windows\System32\Wbem;C:\Windows\System32\WindowsPowerShell\v1.0\;C:\Windows\System32\OpenSSH\;C:\Windows\system32\config\systemprofile\AppData\Local\Microsoft\WindowsApps;C:\Program Files (x86)\NVIDIA Corporation\PhysX\Common;C:\Program Files\NVIDIA Corporation\NVIDIA NvDLISR;C:\WINDOWS\system32;C:\WINDOWS;C:\WINDOWS\System32\Wbem;C:\WINDOWS\System32\WindowsPowerShell\v1.0\;C:\WINDOWS\System32\OpenSSH\;C:\Program Files (x86)\QuickTime\QTSystem\;C:\Program Files (x86)\Windows Kits\10\Windows Performance Toolkit\;C:\Program Files\Git\cmd;C:\Program Files (x86)\Microchip\MPLAB C32 Suite\bin;C:\Users\Utilizador\AppData\Local\Microsoft\WindowsApps;;C:\Users\Utilizador\AppData\Local\Programs\Microsoft VS Code\bin;C:\Program Files\JetBrains\DataSpell 2022.2.3\bin;
USERNAME=Utilizador
OS=Windows_NT
PROCESSOR_IDENTIFIER=Intel64 Family 6 Model 158 Stepping 10, GenuineIntel



---------------  S Y S T E M  ---------------

OS:
 Windows 10 , 64 bit Build 19041 (10.0.19041.2364)
OS uptime: 19 days 6:17 hours
Hyper-V role detected

CPU: total 6 (initial active 6) (6 cores per cpu, 1 threads per core) family 6 model 158 stepping 10 microcode 0xd6, cx8, cmov, fxsr, mmx, 3dnowpref, sse, sse2, sse3, ssse3, sse4.1, sse4.2, popcnt, lzcnt, tsc, tscinvbit, avx, avx2, aes, erms, clmul, bmi1, bmi2, rtm, adx, fma, vzeroupper, clflush, clflushopt, hv

Memory: 4k page, system-wide physical 16319M (4764M free)
TotalPageFile size 24905M (AvailPageFile size 4415M)
current process WorkingSet (physical memory assigned to process): 192M, peak: 226M
current process commit charge ("private bytes"): 422M, peak: 463M

vm_info: OpenJDK 64-Bit Server VM (17.0.2+8-86) for windows-amd64 JRE (17.0.2+8-86), built on Dec  7 2021 21:49:10 by "mach5one" with MS VC++ 16.8 / 16.9 (VS2019)

END.
